<?xml version="1.0" encoding="UTF-8"?>
<testsuite name="challenges.datastructures.DijkstraAlgorithmTest" tests="2" skipped="0" failures="0" errors="0" timestamp="2020-01-30T14:47:30" hostname="Kirans-MacBook-Pro.local" time="0.068">
  <properties/>
  <testcase name="calShortestPath" classname="challenges.datastructures.DijkstraAlgorithmTest" time="0.068"/>
  <testcase name="calShortestPath_forD" classname="challenges.datastructures.DijkstraAlgorithmTest" time="0.0"/>
  <system-out><![CDATA[]]></system-out>
  <system-err><![CDATA[]]></system-err>
</testsuite>
