<?xml version="1.0" encoding="UTF-8"?>
<testsuite name="challenges.solutions.CatAndMouseTest" tests="1" skipped="0" failures="0" errors="0" timestamp="2019-11-27T16:25:55" hostname="Kirans-MacBook-Pro.local" time="0.002">
  <properties/>
  <testcase name="catAndMouse" classname="challenges.solutions.CatAndMouseTest" time="0.002"/>
  <system-out><![CDATA[]]></system-out>
  <system-err><![CDATA[]]></system-err>
</testsuite>
