<?xml version="1.0" encoding="UTF-8"?>
<testsuite name="challenges.datastructures.BFSSearchTest" tests="3" skipped="0" failures="0" errors="0" timestamp="2020-01-27T14:58:47" hostname="Kirans-MacBook-Pro.local" time="0.037">
  <properties/>
  <testcase name="searchInOrder" classname="challenges.datastructures.BFSSearchTest" time="0.037"/>
  <testcase name="searchInOrder_firstElement" classname="challenges.datastructures.BFSSearchTest" time="0.0"/>
  <testcase name="searchInOrder_returnFalse" classname="challenges.datastructures.BFSSearchTest" time="0.0"/>
  <system-out><![CDATA[]]></system-out>
  <system-err><![CDATA[]]></system-err>
</testsuite>
